{
  "stats": {
    "suites": 10,
    "tests": 10,
    "passes": 9,
    "pending": 0,
    "failures": 1,
    "testsRegistered": 10,
    "passPercent": 90,
    "pendingPercent": 0,
    "other": 0,
    "hasOther": false,
    "skipped": 0,
    "hasSkipped": false,
    "start": "2023-06-09T02:22:40.660Z",
    "end": "2023-06-09T02:24:29.498Z",
    "duration": 108838
  },
  "results": [
    {
      "uuid": "03d80723-bd72-4883-9768-04af4b831c5a",
      "title": "",
      "fullFile": "cypress\\e2e\\demo_Cypress\\TC_02.spec.js",
      "file": "cypress\\e2e\\demo_Cypress\\TC_02.spec.js",
      "beforeHooks": [],
      "afterHooks": [],
      "tests": [],
      "suites": [
        {
          "uuid": "74c0f615-9550-46cd-a423-e6c9e509f2b1",
          "title": "assignment final",
          "fullFile": "",
          "file": "",
          "beforeHooks": [],
          "afterHooks": [],
          "tests": [
            {
              "title": "Verify successfully logged in",
              "fullTitle": "assignment final Verify successfully logged in",
              "timedOut": null,
              "duration": 4552,
              "state": "passed",
              "speed": "fast",
              "pass": true,
              "fail": false,
              "pending": false,
              "context": null,
              "code": "onLoginPage.login();\nonLoginPage.VerifySuccessfullyLoggedIn();",
              "err": {},
              "uuid": "5b358f07-596e-4c79-8ac2-2c856d00e006",
              "parentUUID": "74c0f615-9550-46cd-a423-e6c9e509f2b1",
              "isHook": false,
              "skipped": false
            }
          ],
          "suites": [],
          "passes": [
            "5b358f07-596e-4c79-8ac2-2c856d00e006"
          ],
          "failures": [],
          "pending": [],
          "skipped": [],
          "duration": 4552,
          "root": false,
          "rootEmpty": false,
          "_timeout": 2000
        }
      ],
      "passes": [],
      "failures": [],
      "pending": [],
      "skipped": [],
      "duration": 0,
      "root": true,
      "rootEmpty": true,
      "_timeout": 2000
    },
    {
      "uuid": "7aed84b9-3191-4207-826a-9b461ece0388",
      "title": "",
      "fullFile": "cypress\\e2e\\demo_Cypress\\TC_03.spec.js",
      "file": "cypress\\e2e\\demo_Cypress\\TC_03.spec.js",
      "beforeHooks": [],
      "afterHooks": [],
      "tests": [],
      "suites": [
        {
          "uuid": "581d6843-1ba9-4aa5-80b2-dbb5fcc3ef5d",
          "title": "assignment final",
          "fullFile": "",
          "file": "",
          "beforeHooks": [],
          "afterHooks": [],
          "tests": [
            {
              "title": "Verify List Products",
              "fullTitle": "assignment final Verify List Products",
              "timedOut": null,
              "duration": 7392,
              "state": "passed",
              "speed": "medium",
              "pass": true,
              "fail": false,
              "pending": false,
              "context": null,
              "code": "onLoginPage.login();\nnavigateTo.listProductsPage();\nonProductsPage.verifyProductTable();",
              "err": {},
              "uuid": "0039bb74-2fea-40b9-96ea-21fbb063a7e4",
              "parentUUID": "581d6843-1ba9-4aa5-80b2-dbb5fcc3ef5d",
              "isHook": false,
              "skipped": false
            }
          ],
          "suites": [],
          "passes": [
            "0039bb74-2fea-40b9-96ea-21fbb063a7e4"
          ],
          "failures": [],
          "pending": [],
          "skipped": [],
          "duration": 7392,
          "root": false,
          "rootEmpty": false,
          "_timeout": 2000
        }
      ],
      "passes": [],
      "failures": [],
      "pending": [],
      "skipped": [],
      "duration": 0,
      "root": true,
      "rootEmpty": true,
      "_timeout": 2000
    },
    {
      "uuid": "5729086b-1fb8-46c9-93f7-f58ecf5bf7dc",
      "title": "",
      "fullFile": "cypress\\e2e\\demo_Cypress\\TC_04.spec.js",
      "file": "cypress\\e2e\\demo_Cypress\\TC_04.spec.js",
      "beforeHooks": [],
      "afterHooks": [],
      "tests": [],
      "suites": [
        {
          "uuid": "ea4edd96-79ad-4595-bcc1-fa4864f5b6c2",
          "title": "assignment final",
          "fullFile": "",
          "file": "",
          "beforeHooks": [],
          "afterHooks": [],
          "tests": [
            {
              "title": "Verify view product detail",
              "fullTitle": "assignment final Verify view product detail",
              "timedOut": null,
              "duration": 8803,
              "state": "passed",
              "speed": "medium",
              "pass": true,
              "fail": false,
              "pending": false,
              "context": null,
              "code": "onLoginPage.login();\nnavigateTo.listProductsPage();\nnavigateTo.detailProductPage('Lemon');\nonProductsPage.verifyViewProductDetail();",
              "err": {},
              "uuid": "51749dea-05fc-4330-ac3c-ee8bb6d6808e",
              "parentUUID": "ea4edd96-79ad-4595-bcc1-fa4864f5b6c2",
              "isHook": false,
              "skipped": false
            }
          ],
          "suites": [],
          "passes": [
            "51749dea-05fc-4330-ac3c-ee8bb6d6808e"
          ],
          "failures": [],
          "pending": [],
          "skipped": [],
          "duration": 8803,
          "root": false,
          "rootEmpty": false,
          "_timeout": 2000
        }
      ],
      "passes": [],
      "failures": [],
      "pending": [],
      "skipped": [],
      "duration": 0,
      "root": true,
      "rootEmpty": true,
      "_timeout": 2000
    },
    {
      "uuid": "a0b01649-e6f7-43dd-a920-2a36090c7ccb",
      "title": "",
      "fullFile": "cypress\\e2e\\demo_Cypress\\TC_05.spec.js",
      "file": "cypress\\e2e\\demo_Cypress\\TC_05.spec.js",
      "beforeHooks": [],
      "afterHooks": [],
      "tests": [],
      "suites": [
        {
          "uuid": "9458d773-ee57-4fe3-b742-9a66bd578fda",
          "title": "assignment final",
          "fullFile": "",
          "file": "",
          "beforeHooks": [],
          "afterHooks": [],
          "tests": [
            {
              "title": "Verify Edit product",
              "fullTitle": "assignment final Verify Edit product",
              "timedOut": null,
              "duration": 12717,
              "state": "passed",
              "speed": "slow",
              "pass": true,
              "fail": false,
              "pending": false,
              "context": null,
              "code": "onLoginPage.login();\nnavigateTo.listProductsPage();\nonProductsPage.EditProduct('Mouse');",
              "err": {},
              "uuid": "1c872e0a-6d45-4a04-a27d-4318f673ab13",
              "parentUUID": "9458d773-ee57-4fe3-b742-9a66bd578fda",
              "isHook": false,
              "skipped": false
            }
          ],
          "suites": [],
          "passes": [
            "1c872e0a-6d45-4a04-a27d-4318f673ab13"
          ],
          "failures": [],
          "pending": [],
          "skipped": [],
          "duration": 12717,
          "root": false,
          "rootEmpty": false,
          "_timeout": 2000
        }
      ],
      "passes": [],
      "failures": [],
      "pending": [],
      "skipped": [],
      "duration": 0,
      "root": true,
      "rootEmpty": true,
      "_timeout": 2000
    },
    {
      "uuid": "322c0bed-d763-42c4-b1da-0f4f5213d35a",
      "title": "",
      "fullFile": "cypress\\e2e\\demo_Cypress\\TC_06.spec.js",
      "file": "cypress\\e2e\\demo_Cypress\\TC_06.spec.js",
      "beforeHooks": [],
      "afterHooks": [],
      "tests": [],
      "suites": [
        {
          "uuid": "6e7f3b47-d27b-4e47-a181-9c91dc15df49",
          "title": "assignment final",
          "fullFile": "",
          "file": "",
          "beforeHooks": [],
          "afterHooks": [],
          "tests": [
            {
              "title": "Verify Print Barcode/Label page",
              "fullTitle": "assignment final Verify Print Barcode/Label page",
              "timedOut": null,
              "duration": 6483,
              "state": "passed",
              "speed": "medium",
              "pass": true,
              "fail": false,
              "pending": false,
              "context": null,
              "code": "onLoginPage.login();\nnavigateTo.printBarcodeLabelPage();\nonPrintBarcodePage.verifyPrintBarcodePage();",
              "err": {},
              "uuid": "70795095-0d44-4b8e-8b70-67b5b7c9cae0",
              "parentUUID": "6e7f3b47-d27b-4e47-a181-9c91dc15df49",
              "isHook": false,
              "skipped": false
            }
          ],
          "suites": [],
          "passes": [
            "70795095-0d44-4b8e-8b70-67b5b7c9cae0"
          ],
          "failures": [],
          "pending": [],
          "skipped": [],
          "duration": 6483,
          "root": false,
          "rootEmpty": false,
          "_timeout": 2000
        }
      ],
      "passes": [],
      "failures": [],
      "pending": [],
      "skipped": [],
      "duration": 0,
      "root": true,
      "rootEmpty": true,
      "_timeout": 2000
    },
    {
      "uuid": "3e4d2c8d-a185-40a6-9fb5-bc0026244f3e",
      "title": "",
      "fullFile": "cypress\\e2e\\demo_Cypress\\TC_07.spec.js",
      "file": "cypress\\e2e\\demo_Cypress\\TC_07.spec.js",
      "beforeHooks": [],
      "afterHooks": [],
      "tests": [],
      "suites": [
        {
          "uuid": "06236876-6190-4e7d-81e9-26cd51aa8071",
          "title": "assignment final",
          "fullFile": "",
          "file": "",
          "beforeHooks": [],
          "afterHooks": [],
          "tests": [
            {
              "title": "Verify create Print Barcode/Label successfully",
              "fullTitle": "assignment final Verify create Print Barcode/Label successfully",
              "timedOut": null,
              "duration": 11265,
              "state": "passed",
              "speed": "slow",
              "pass": true,
              "fail": false,
              "pending": false,
              "context": null,
              "code": "onLoginPage.login();\nnavigateTo.printBarcodeLabelPage();\nonPrintBarcodePage.addBarcode('Kiwi');\nonPrintBarcodePage.verifyUpdateBarcode();",
              "err": {},
              "uuid": "645a11ab-d72f-4947-ad4f-11d33809aa1a",
              "parentUUID": "06236876-6190-4e7d-81e9-26cd51aa8071",
              "isHook": false,
              "skipped": false
            }
          ],
          "suites": [],
          "passes": [
            "645a11ab-d72f-4947-ad4f-11d33809aa1a"
          ],
          "failures": [],
          "pending": [],
          "skipped": [],
          "duration": 11265,
          "root": false,
          "rootEmpty": false,
          "_timeout": 2000
        }
      ],
      "passes": [],
      "failures": [],
      "pending": [],
      "skipped": [],
      "duration": 0,
      "root": true,
      "rootEmpty": true,
      "_timeout": 2000
    },
    {
      "uuid": "ce05ad9a-8c20-4a92-9ff8-24c458f54a93",
      "title": "",
      "fullFile": "cypress\\e2e\\demo_Cypress\\TC_08.spec.js",
      "file": "cypress\\e2e\\demo_Cypress\\TC_08.spec.js",
      "beforeHooks": [],
      "afterHooks": [],
      "tests": [],
      "suites": [
        {
          "uuid": "53ce6f72-f396-4dff-bdb8-4e9272af63f0",
          "title": "assignment final",
          "fullFile": "",
          "file": "",
          "beforeHooks": [],
          "afterHooks": [],
          "tests": [
            {
              "title": "Verify add Sale successfully",
              "fullTitle": "assignment final Verify add Sale successfully",
              "timedOut": null,
              "duration": 11851,
              "state": "passed",
              "speed": "slow",
              "pass": true,
              "fail": false,
              "pending": false,
              "context": null,
              "code": "onLoginPage.login();\nnavigateTo.addSalePage();\nonSalePage.addSale();",
              "err": {},
              "uuid": "cc39dfde-fef7-444a-b180-b18632e4876b",
              "parentUUID": "53ce6f72-f396-4dff-bdb8-4e9272af63f0",
              "isHook": false,
              "skipped": false
            }
          ],
          "suites": [],
          "passes": [
            "cc39dfde-fef7-444a-b180-b18632e4876b"
          ],
          "failures": [],
          "pending": [],
          "skipped": [],
          "duration": 11851,
          "root": false,
          "rootEmpty": false,
          "_timeout": 2000
        }
      ],
      "passes": [],
      "failures": [],
      "pending": [],
      "skipped": [],
      "duration": 0,
      "root": true,
      "rootEmpty": true,
      "_timeout": 2000
    },
    {
      "uuid": "b0eb86c5-c85f-4d76-88ba-ab306a44b0bc",
      "title": "",
      "fullFile": "cypress\\e2e\\demo_Cypress\\TC_09.spec.js",
      "file": "cypress\\e2e\\demo_Cypress\\TC_09.spec.js",
      "beforeHooks": [],
      "afterHooks": [],
      "tests": [],
      "suites": [
        {
          "uuid": "f35d13ba-5e75-461d-92ce-89600340c2b2",
          "title": "assignment final",
          "fullFile": "",
          "file": "",
          "beforeHooks": [],
          "afterHooks": [],
          "tests": [
            {
              "title": "Verify Purchases List",
              "fullTitle": "assignment final Verify Purchases List",
              "timedOut": null,
              "duration": 6949,
              "state": "passed",
              "speed": "medium",
              "pass": true,
              "fail": false,
              "pending": false,
              "context": null,
              "code": "onLoginPage.login();\nnavigateTo.listPurchasesPage();\nonPurchasePage.verifyPurchasesList();",
              "err": {},
              "uuid": "c07e72c5-0a61-4624-9256-9e478c3908b2",
              "parentUUID": "f35d13ba-5e75-461d-92ce-89600340c2b2",
              "isHook": false,
              "skipped": false
            }
          ],
          "suites": [],
          "passes": [
            "c07e72c5-0a61-4624-9256-9e478c3908b2"
          ],
          "failures": [],
          "pending": [],
          "skipped": [],
          "duration": 6949,
          "root": false,
          "rootEmpty": false,
          "_timeout": 2000
        }
      ],
      "passes": [],
      "failures": [],
      "pending": [],
      "skipped": [],
      "duration": 0,
      "root": true,
      "rootEmpty": true,
      "_timeout": 2000
    },
    {
      "uuid": "404d7d22-5c56-4030-b5fb-0960cd2090fb",
      "title": "",
      "fullFile": "cypress\\e2e\\demo_Cypress\\TC_10.spec.js",
      "file": "cypress\\e2e\\demo_Cypress\\TC_10.spec.js",
      "beforeHooks": [],
      "afterHooks": [],
      "tests": [],
      "suites": [
        {
          "uuid": "03303e74-ea76-4cb1-8935-15f691396c35",
          "title": "assignment final",
          "fullFile": "",
          "file": "",
          "beforeHooks": [],
          "afterHooks": [],
          "tests": [
            {
              "title": "Verify add Purchases successfully",
              "fullTitle": "assignment final Verify add Purchases successfully",
              "timedOut": null,
              "duration": 14471,
              "state": "failed",
              "speed": null,
              "pass": false,
              "fail": true,
              "pending": false,
              "context": null,
              "code": "onLoginPage.login();\nnavigateTo.addPurchasePage();\nonPurchasePage.addPurchase();",
              "err": {
                "message": "AssertionError: Timed out retrying after 4000ms: Expected to find element: `div[class=\"alert alert-success\"]`, but never found it.",
                "estack": "AssertionError: Timed out retrying after 4000ms: Expected to find element: `div[class=\"alert alert-success\"]`, but never found it.\n    at PurchasePage.addPurchase (webpack:///./cypress/support/pageObjects/purchasePage.js:45:32)\n    at Context.eval (webpack:///./cypress/e2e/demo_Cypress/TC_10.spec.js:13:23)",
                "diff": null
              },
              "uuid": "51789e77-4d66-4f28-a81d-7e150d816652",
              "parentUUID": "03303e74-ea76-4cb1-8935-15f691396c35",
              "isHook": false,
              "skipped": false
            }
          ],
          "suites": [],
          "passes": [],
          "failures": [
            "51789e77-4d66-4f28-a81d-7e150d816652"
          ],
          "pending": [],
          "skipped": [],
          "duration": 14471,
          "root": false,
          "rootEmpty": false,
          "_timeout": 2000
        }
      ],
      "passes": [],
      "failures": [],
      "pending": [],
      "skipped": [],
      "duration": 0,
      "root": true,
      "rootEmpty": true,
      "_timeout": 2000
    },
    {
      "uuid": "225a08b3-f5b7-4f97-871f-e808daa55dff",
      "title": "",
      "fullFile": "cypress\\e2e\\demo_Cypress\\TC_01.spec.js",
      "file": "cypress\\e2e\\demo_Cypress\\TC_01.spec.js",
      "beforeHooks": [],
      "afterHooks": [],
      "tests": [],
      "suites": [
        {
          "uuid": "64fe0346-12f8-4460-a257-314d659c6d09",
          "title": "assignment final",
          "fullFile": "",
          "file": "",
          "beforeHooks": [],
          "afterHooks": [],
          "tests": [
            {
              "title": "Verify Login page",
              "fullTitle": "assignment final Verify Login page",
              "timedOut": null,
              "duration": 3006,
              "state": "passed",
              "speed": "fast",
              "pass": true,
              "fail": false,
              "pending": false,
              "context": null,
              "code": "onLoginPage.verifyLoginPage();",
              "err": {},
              "uuid": "dd4ea94b-e0f2-4196-b54d-89ee1f075f70",
              "parentUUID": "64fe0346-12f8-4460-a257-314d659c6d09",
              "isHook": false,
              "skipped": false
            }
          ],
          "suites": [],
          "passes": [
            "dd4ea94b-e0f2-4196-b54d-89ee1f075f70"
          ],
          "failures": [],
          "pending": [],
          "skipped": [],
          "duration": 3006,
          "root": false,
          "rootEmpty": false,
          "_timeout": 2000
        }
      ],
      "passes": [],
      "failures": [],
      "pending": [],
      "skipped": [],
      "duration": 0,
      "root": true,
      "rootEmpty": true,
      "_timeout": 2000
    }
  ],
  "meta": {
    "mocha": {
      "version": "7.0.1"
    },
    "mochawesome": {
      "options": {
        "quiet": false,
        "reportFilename": "mochawesome",
        "saveHtml": false,
        "saveJson": true,
        "consoleReporter": "spec",
        "useInlineDiffs": false,
        "code": true
      },
      "version": "7.1.3"
    },
    "marge": {
      "options": {
        "id": "default",
        "reportDir": "cypress/results/mochawesome",
        "overwrite": false,
        "html": false,
        "json": true
      },
      "version": "6.2.0"
    }
  }
}