{
  "stats": {
    "suites": 10,
    "tests": 10,
    "passes": 9,
    "pending": 0,
    "failures": 1,
    "testsRegistered": 10,
    "passPercent": 90,
    "pendingPercent": 0,
    "other": 0,
    "hasOther": false,
    "skipped": 0,
    "hasSkipped": false,
    "start": "2023-06-08T17:08:46.698Z",
    "end": "2023-06-08T17:10:30.953Z",
    "duration": 104255
  },
  "results": [
    {
      "uuid": "fa2c4138-63d6-475e-a35d-868c83c78d49",
      "title": "",
      "fullFile": "cypress\\e2e\\demo_Cypress\\TC_02.spec.js",
      "file": "cypress\\e2e\\demo_Cypress\\TC_02.spec.js",
      "beforeHooks": [],
      "afterHooks": [],
      "tests": [],
      "suites": [
        {
          "uuid": "18f78de4-db6f-4676-9f22-444e6df3a612",
          "title": "assignment final",
          "fullFile": "",
          "file": "",
          "beforeHooks": [],
          "afterHooks": [],
          "tests": [
            {
              "title": "Verify successfully logged in",
              "fullTitle": "assignment final Verify successfully logged in",
              "timedOut": null,
              "duration": 4911,
              "state": "passed",
              "speed": "fast",
              "pass": true,
              "fail": false,
              "pending": false,
              "context": null,
              "code": "onLoginPage.login();\nonLoginPage.VerifySuccessfullyLoggedIn();",
              "err": {},
              "uuid": "b651b00d-02b5-430d-b450-072180f6497e",
              "parentUUID": "18f78de4-db6f-4676-9f22-444e6df3a612",
              "isHook": false,
              "skipped": false
            }
          ],
          "suites": [],
          "passes": [
            "b651b00d-02b5-430d-b450-072180f6497e"
          ],
          "failures": [],
          "pending": [],
          "skipped": [],
          "duration": 4911,
          "root": false,
          "rootEmpty": false,
          "_timeout": 2000
        }
      ],
      "passes": [],
      "failures": [],
      "pending": [],
      "skipped": [],
      "duration": 0,
      "root": true,
      "rootEmpty": true,
      "_timeout": 2000
    },
    {
      "uuid": "fd2259d1-401b-4b9f-bf1f-80b0472801e5",
      "title": "",
      "fullFile": "cypress\\e2e\\demo_Cypress\\TC_03.spec.js",
      "file": "cypress\\e2e\\demo_Cypress\\TC_03.spec.js",
      "beforeHooks": [],
      "afterHooks": [],
      "tests": [],
      "suites": [
        {
          "uuid": "0f516610-e34b-46bc-8468-7b5fdb4c86c9",
          "title": "assignment final",
          "fullFile": "",
          "file": "",
          "beforeHooks": [],
          "afterHooks": [],
          "tests": [
            {
              "title": "Verify List Products",
              "fullTitle": "assignment final Verify List Products",
              "timedOut": null,
              "duration": 6182,
              "state": "passed",
              "speed": "medium",
              "pass": true,
              "fail": false,
              "pending": false,
              "context": null,
              "code": "onLoginPage.login();\nnavigateTo.listProductsPage();\nonProductsPage.verifyProductTable();",
              "err": {},
              "uuid": "5d16468d-586a-4961-aa06-b577c44a9405",
              "parentUUID": "0f516610-e34b-46bc-8468-7b5fdb4c86c9",
              "isHook": false,
              "skipped": false
            }
          ],
          "suites": [],
          "passes": [
            "5d16468d-586a-4961-aa06-b577c44a9405"
          ],
          "failures": [],
          "pending": [],
          "skipped": [],
          "duration": 6182,
          "root": false,
          "rootEmpty": false,
          "_timeout": 2000
        }
      ],
      "passes": [],
      "failures": [],
      "pending": [],
      "skipped": [],
      "duration": 0,
      "root": true,
      "rootEmpty": true,
      "_timeout": 2000
    },
    {
      "uuid": "eebaca23-6c7b-4bbf-bff1-2376aa038f20",
      "title": "",
      "fullFile": "cypress\\e2e\\demo_Cypress\\TC_04.spec.js",
      "file": "cypress\\e2e\\demo_Cypress\\TC_04.spec.js",
      "beforeHooks": [],
      "afterHooks": [],
      "tests": [],
      "suites": [
        {
          "uuid": "e81f3e99-f0ad-4121-aac8-f4225924e6ee",
          "title": "assignment final",
          "fullFile": "",
          "file": "",
          "beforeHooks": [],
          "afterHooks": [],
          "tests": [
            {
              "title": "Verify view product detail",
              "fullTitle": "assignment final Verify view product detail",
              "timedOut": null,
              "duration": 8153,
              "state": "passed",
              "speed": "medium",
              "pass": true,
              "fail": false,
              "pending": false,
              "context": null,
              "code": "onLoginPage.login();\nnavigateTo.listProductsPage();\nnavigateTo.detailProductPage('Lemon');\nonProductsPage.verifyViewProductDetail();",
              "err": {},
              "uuid": "dd74a828-cdfb-4d62-a368-c22664f63e30",
              "parentUUID": "e81f3e99-f0ad-4121-aac8-f4225924e6ee",
              "isHook": false,
              "skipped": false
            }
          ],
          "suites": [],
          "passes": [
            "dd74a828-cdfb-4d62-a368-c22664f63e30"
          ],
          "failures": [],
          "pending": [],
          "skipped": [],
          "duration": 8153,
          "root": false,
          "rootEmpty": false,
          "_timeout": 2000
        }
      ],
      "passes": [],
      "failures": [],
      "pending": [],
      "skipped": [],
      "duration": 0,
      "root": true,
      "rootEmpty": true,
      "_timeout": 2000
    },
    {
      "uuid": "83f60e75-c29e-429b-9593-b382edcff80a",
      "title": "",
      "fullFile": "cypress\\e2e\\demo_Cypress\\TC_05.spec.js",
      "file": "cypress\\e2e\\demo_Cypress\\TC_05.spec.js",
      "beforeHooks": [],
      "afterHooks": [],
      "tests": [],
      "suites": [
        {
          "uuid": "3750f874-33c6-4e19-8613-26ce898c807d",
          "title": "assignment final",
          "fullFile": "",
          "file": "",
          "beforeHooks": [],
          "afterHooks": [],
          "tests": [
            {
              "title": "Verify Edit product",
              "fullTitle": "assignment final Verify Edit product",
              "timedOut": null,
              "duration": 10701,
              "state": "passed",
              "speed": "slow",
              "pass": true,
              "fail": false,
              "pending": false,
              "context": null,
              "code": "onLoginPage.login();\nnavigateTo.listProductsPage();\nonProductsPage.EditProduct('Mouse');",
              "err": {},
              "uuid": "3d302417-1a63-43fe-9f2f-1c98fc3f97fb",
              "parentUUID": "3750f874-33c6-4e19-8613-26ce898c807d",
              "isHook": false,
              "skipped": false
            }
          ],
          "suites": [],
          "passes": [
            "3d302417-1a63-43fe-9f2f-1c98fc3f97fb"
          ],
          "failures": [],
          "pending": [],
          "skipped": [],
          "duration": 10701,
          "root": false,
          "rootEmpty": false,
          "_timeout": 2000
        }
      ],
      "passes": [],
      "failures": [],
      "pending": [],
      "skipped": [],
      "duration": 0,
      "root": true,
      "rootEmpty": true,
      "_timeout": 2000
    },
    {
      "uuid": "f60f0587-4469-49d1-8a58-f52fea54e389",
      "title": "",
      "fullFile": "cypress\\e2e\\demo_Cypress\\TC_06.spec.js",
      "file": "cypress\\e2e\\demo_Cypress\\TC_06.spec.js",
      "beforeHooks": [],
      "afterHooks": [],
      "tests": [],
      "suites": [
        {
          "uuid": "79931dc6-1e64-4416-94a7-87f8affdced5",
          "title": "assignment final",
          "fullFile": "",
          "file": "",
          "beforeHooks": [],
          "afterHooks": [],
          "tests": [
            {
              "title": "Verify Print Barcode/Label page",
              "fullTitle": "assignment final Verify Print Barcode/Label page",
              "timedOut": null,
              "duration": 11401,
              "state": "passed",
              "speed": "slow",
              "pass": true,
              "fail": false,
              "pending": false,
              "context": null,
              "code": "onLoginPage.login();\nnavigateTo.printBarcodeLabelPage();\nonPrintBarcodePage.verifyPrintBarcodePage();",
              "err": {},
              "uuid": "18bfed01-aa46-4828-a2cb-b561c17f1ffd",
              "parentUUID": "79931dc6-1e64-4416-94a7-87f8affdced5",
              "isHook": false,
              "skipped": false
            }
          ],
          "suites": [],
          "passes": [
            "18bfed01-aa46-4828-a2cb-b561c17f1ffd"
          ],
          "failures": [],
          "pending": [],
          "skipped": [],
          "duration": 11401,
          "root": false,
          "rootEmpty": false,
          "_timeout": 2000
        }
      ],
      "passes": [],
      "failures": [],
      "pending": [],
      "skipped": [],
      "duration": 0,
      "root": true,
      "rootEmpty": true,
      "_timeout": 2000
    },
    {
      "uuid": "ce99f6e4-0c84-4728-8dbe-9af1369a6fd6",
      "title": "",
      "fullFile": "cypress\\e2e\\demo_Cypress\\TC_07.spec.js",
      "file": "cypress\\e2e\\demo_Cypress\\TC_07.spec.js",
      "beforeHooks": [],
      "afterHooks": [],
      "tests": [],
      "suites": [
        {
          "uuid": "e62fed43-14d9-47c7-871b-cc4576026f3d",
          "title": "assignment final",
          "fullFile": "",
          "file": "",
          "beforeHooks": [],
          "afterHooks": [],
          "tests": [
            {
              "title": "Verify create Print Barcode/Label successfully",
              "fullTitle": "assignment final Verify create Print Barcode/Label successfully",
              "timedOut": null,
              "duration": 10455,
              "state": "passed",
              "speed": "slow",
              "pass": true,
              "fail": false,
              "pending": false,
              "context": null,
              "code": "onLoginPage.login();\nnavigateTo.printBarcodeLabelPage();\nonPrintBarcodePage.addBarcode('Kiwi');\nonPrintBarcodePage.verifyUpdateBarcode();",
              "err": {},
              "uuid": "31707f74-6c8a-4570-8aab-707b9bf86cb6",
              "parentUUID": "e62fed43-14d9-47c7-871b-cc4576026f3d",
              "isHook": false,
              "skipped": false
            }
          ],
          "suites": [],
          "passes": [
            "31707f74-6c8a-4570-8aab-707b9bf86cb6"
          ],
          "failures": [],
          "pending": [],
          "skipped": [],
          "duration": 10455,
          "root": false,
          "rootEmpty": false,
          "_timeout": 2000
        }
      ],
      "passes": [],
      "failures": [],
      "pending": [],
      "skipped": [],
      "duration": 0,
      "root": true,
      "rootEmpty": true,
      "_timeout": 2000
    },
    {
      "uuid": "f912dcb4-ff51-4b61-bd55-07c73fddf37e",
      "title": "",
      "fullFile": "cypress\\e2e\\demo_Cypress\\TC_08.spec.js",
      "file": "cypress\\e2e\\demo_Cypress\\TC_08.spec.js",
      "beforeHooks": [],
      "afterHooks": [],
      "tests": [],
      "suites": [
        {
          "uuid": "e42f90b5-0473-4452-984e-b7bc25b9828e",
          "title": "assignment final",
          "fullFile": "",
          "file": "",
          "beforeHooks": [],
          "afterHooks": [],
          "tests": [
            {
              "title": "Verify add Sale successfully",
              "fullTitle": "assignment final Verify add Sale successfully",
              "timedOut": null,
              "duration": 12825,
              "state": "passed",
              "speed": "slow",
              "pass": true,
              "fail": false,
              "pending": false,
              "context": null,
              "code": "onLoginPage.login();\nnavigateTo.addSalePage();\nonSalePage.addSale();",
              "err": {},
              "uuid": "c9400759-9cbd-4db4-881d-bfb174c3c6a9",
              "parentUUID": "e42f90b5-0473-4452-984e-b7bc25b9828e",
              "isHook": false,
              "skipped": false
            }
          ],
          "suites": [],
          "passes": [
            "c9400759-9cbd-4db4-881d-bfb174c3c6a9"
          ],
          "failures": [],
          "pending": [],
          "skipped": [],
          "duration": 12825,
          "root": false,
          "rootEmpty": false,
          "_timeout": 2000
        }
      ],
      "passes": [],
      "failures": [],
      "pending": [],
      "skipped": [],
      "duration": 0,
      "root": true,
      "rootEmpty": true,
      "_timeout": 2000
    },
    {
      "uuid": "2540a1ac-2bee-4a21-8867-4ee223aa2d2e",
      "title": "",
      "fullFile": "cypress\\e2e\\demo_Cypress\\TC_09.spec.js",
      "file": "cypress\\e2e\\demo_Cypress\\TC_09.spec.js",
      "beforeHooks": [],
      "afterHooks": [],
      "tests": [],
      "suites": [
        {
          "uuid": "d49f5020-c723-480b-bb7c-dcc15ba444e6",
          "title": "assignment final",
          "fullFile": "",
          "file": "",
          "beforeHooks": [],
          "afterHooks": [],
          "tests": [
            {
              "title": "Verify Purchases List",
              "fullTitle": "assignment final Verify Purchases List",
              "timedOut": null,
              "duration": 8334,
              "state": "passed",
              "speed": "medium",
              "pass": true,
              "fail": false,
              "pending": false,
              "context": null,
              "code": "onLoginPage.login();\nnavigateTo.listPurchasesPage();\nonPurchasePage.verifyPurchasesList();",
              "err": {},
              "uuid": "aa2ba992-6253-40ce-8e1e-f3d7ae44858d",
              "parentUUID": "d49f5020-c723-480b-bb7c-dcc15ba444e6",
              "isHook": false,
              "skipped": false
            }
          ],
          "suites": [],
          "passes": [
            "aa2ba992-6253-40ce-8e1e-f3d7ae44858d"
          ],
          "failures": [],
          "pending": [],
          "skipped": [],
          "duration": 8334,
          "root": false,
          "rootEmpty": false,
          "_timeout": 2000
        }
      ],
      "passes": [],
      "failures": [],
      "pending": [],
      "skipped": [],
      "duration": 0,
      "root": true,
      "rootEmpty": true,
      "_timeout": 2000
    },
    {
      "uuid": "345f2f0c-f2ba-4e42-932e-37577514894b",
      "title": "",
      "fullFile": "cypress\\e2e\\demo_Cypress\\TC_10.spec.js",
      "file": "cypress\\e2e\\demo_Cypress\\TC_10.spec.js",
      "beforeHooks": [],
      "afterHooks": [],
      "tests": [],
      "suites": [
        {
          "uuid": "24b7fc08-a2fb-4be0-9ff4-d8c26b305084",
          "title": "assignment final",
          "fullFile": "",
          "file": "",
          "beforeHooks": [],
          "afterHooks": [],
          "tests": [
            {
              "title": "Verify add Purchases successfully",
              "fullTitle": "assignment final Verify add Purchases successfully",
              "timedOut": null,
              "duration": 13976,
              "state": "failed",
              "speed": null,
              "pass": false,
              "fail": true,
              "pending": false,
              "context": null,
              "code": "onLoginPage.login();\nnavigateTo.addPurchasePage();\nonPurchasePage.addPurchase();",
              "err": {
                "message": "AssertionError: Timed out retrying after 4000ms: Expected to find element: `div[class=\"alert alert-success\"]`, but never found it.",
                "estack": "AssertionError: Timed out retrying after 4000ms: Expected to find element: `div[class=\"alert alert-success\"]`, but never found it.\n    at PurchasePage.addPurchase (webpack:///./cypress/support/pageObjects/purchasePage.js:45:32)\n    at Context.eval (webpack:///./cypress/e2e/demo_Cypress/TC_10.spec.js:13:23)",
                "diff": null
              },
              "uuid": "2c6670f2-106e-448f-b982-68cb62735f57",
              "parentUUID": "24b7fc08-a2fb-4be0-9ff4-d8c26b305084",
              "isHook": false,
              "skipped": false
            }
          ],
          "suites": [],
          "passes": [],
          "failures": [
            "2c6670f2-106e-448f-b982-68cb62735f57"
          ],
          "pending": [],
          "skipped": [],
          "duration": 13976,
          "root": false,
          "rootEmpty": false,
          "_timeout": 2000
        }
      ],
      "passes": [],
      "failures": [],
      "pending": [],
      "skipped": [],
      "duration": 0,
      "root": true,
      "rootEmpty": true,
      "_timeout": 2000
    },
    {
      "uuid": "fb735aeb-07a2-4043-ad9c-0da59ecb6711",
      "title": "",
      "fullFile": "cypress\\e2e\\demo_Cypress\\TC_01.spec.js",
      "file": "cypress\\e2e\\demo_Cypress\\TC_01.spec.js",
      "beforeHooks": [],
      "afterHooks": [],
      "tests": [],
      "suites": [
        {
          "uuid": "3fe5575e-b3bd-4515-a34f-32c5f3b88054",
          "title": "assignment final",
          "fullFile": "",
          "file": "",
          "beforeHooks": [],
          "afterHooks": [],
          "tests": [
            {
              "title": "Verify Login page",
              "fullTitle": "assignment final Verify Login page",
              "timedOut": null,
              "duration": 2695,
              "state": "passed",
              "speed": "fast",
              "pass": true,
              "fail": false,
              "pending": false,
              "context": null,
              "code": "onLoginPage.verifyLoginPage();",
              "err": {},
              "uuid": "c6dfc28c-886a-4c71-b16e-615e73af5c39",
              "parentUUID": "3fe5575e-b3bd-4515-a34f-32c5f3b88054",
              "isHook": false,
              "skipped": false
            }
          ],
          "suites": [],
          "passes": [
            "c6dfc28c-886a-4c71-b16e-615e73af5c39"
          ],
          "failures": [],
          "pending": [],
          "skipped": [],
          "duration": 2695,
          "root": false,
          "rootEmpty": false,
          "_timeout": 2000
        }
      ],
      "passes": [],
      "failures": [],
      "pending": [],
      "skipped": [],
      "duration": 0,
      "root": true,
      "rootEmpty": true,
      "_timeout": 2000
    }
  ],
  "meta": {
    "mocha": {
      "version": "7.0.1"
    },
    "mochawesome": {
      "options": {
        "quiet": false,
        "reportFilename": "mochawesome",
        "saveHtml": false,
        "saveJson": true,
        "consoleReporter": "spec",
        "useInlineDiffs": false,
        "code": true
      },
      "version": "7.1.3"
    },
    "marge": {
      "options": {
        "id": "default",
        "reportDir": "cypress/results/mochawesome",
        "overwrite": false,
        "html": false,
        "json": true
      },
      "version": "6.2.0"
    }
  }
}