{
  "stats": {
    "suites": 1,
    "tests": 1,
    "passes": 1,
    "pending": 0,
    "failures": 0,
    "start": "2023-06-09T02:22:45.556Z",
    "end": "2023-06-09T02:22:50.200Z",
    "duration": 4644,
    "testsRegistered": 1,
    "passPercent": 100,
    "pendingPercent": 0,
    "other": 0,
    "hasOther": false,
    "skipped": 0,
    "hasSkipped": false
  },
  "results": [
    {
      "uuid": "03d80723-bd72-4883-9768-04af4b831c5a",
      "title": "",
      "fullFile": "cypress\\e2e\\demo_Cypress\\TC_02.spec.js",
      "file": "cypress\\e2e\\demo_Cypress\\TC_02.spec.js",
      "beforeHooks": [],
      "afterHooks": [],
      "tests": [],
      "suites": [
        {
          "uuid": "74c0f615-9550-46cd-a423-e6c9e509f2b1",
          "title": "assignment final",
          "fullFile": "",
          "file": "",
          "beforeHooks": [],
          "afterHooks": [],
          "tests": [
            {
              "title": "Verify successfully logged in",
              "fullTitle": "assignment final Verify successfully logged in",
              "timedOut": null,
              "duration": 4552,
              "state": "passed",
              "speed": "fast",
              "pass": true,
              "fail": false,
              "pending": false,
              "context": null,
              "code": "onLoginPage.login();\nonLoginPage.VerifySuccessfullyLoggedIn();",
              "err": {},
              "uuid": "5b358f07-596e-4c79-8ac2-2c856d00e006",
              "parentUUID": "74c0f615-9550-46cd-a423-e6c9e509f2b1",
              "isHook": false,
              "skipped": false
            }
          ],
          "suites": [],
          "passes": [
            "5b358f07-596e-4c79-8ac2-2c856d00e006"
          ],
          "failures": [],
          "pending": [],
          "skipped": [],
          "duration": 4552,
          "root": false,
          "rootEmpty": false,
          "_timeout": 2000
        }
      ],
      "passes": [],
      "failures": [],
      "pending": [],
      "skipped": [],
      "duration": 0,
      "root": true,
      "rootEmpty": true,
      "_timeout": 2000
    }
  ],
  "meta": {
    "mocha": {
      "version": "7.0.1"
    },
    "mochawesome": {
      "options": {
        "quiet": false,
        "reportFilename": "mochawesome",
        "saveHtml": false,
        "saveJson": true,
        "consoleReporter": "spec",
        "useInlineDiffs": false,
        "code": true
      },
      "version": "7.1.3"
    },
    "marge": {
      "options": {
        "id": "default",
        "reportDir": "cypress/results/mochawesome",
        "overwrite": false,
        "html": false,
        "json": true
      },
      "version": "6.2.0"
    }
  }
}