{
  "stats": {
    "suites": 1,
    "tests": 1,
    "passes": 1,
    "pending": 0,
    "failures": 0,
    "start": "2023-06-09T02:22:40.660Z",
    "end": "2023-06-09T02:22:43.775Z",
    "duration": 3115,
    "testsRegistered": 1,
    "passPercent": 100,
    "pendingPercent": 0,
    "other": 0,
    "hasOther": false,
    "skipped": 0,
    "hasSkipped": false
  },
  "results": [
    {
      "uuid": "225a08b3-f5b7-4f97-871f-e808daa55dff",
      "title": "",
      "fullFile": "cypress\\e2e\\demo_Cypress\\TC_01.spec.js",
      "file": "cypress\\e2e\\demo_Cypress\\TC_01.spec.js",
      "beforeHooks": [],
      "afterHooks": [],
      "tests": [],
      "suites": [
        {
          "uuid": "64fe0346-12f8-4460-a257-314d659c6d09",
          "title": "assignment final",
          "fullFile": "",
          "file": "",
          "beforeHooks": [],
          "afterHooks": [],
          "tests": [
            {
              "title": "Verify Login page",
              "fullTitle": "assignment final Verify Login page",
              "timedOut": null,
              "duration": 3006,
              "state": "passed",
              "speed": "fast",
              "pass": true,
              "fail": false,
              "pending": false,
              "context": null,
              "code": "onLoginPage.verifyLoginPage();",
              "err": {},
              "uuid": "dd4ea94b-e0f2-4196-b54d-89ee1f075f70",
              "parentUUID": "64fe0346-12f8-4460-a257-314d659c6d09",
              "isHook": false,
              "skipped": false
            }
          ],
          "suites": [],
          "passes": [
            "dd4ea94b-e0f2-4196-b54d-89ee1f075f70"
          ],
          "failures": [],
          "pending": [],
          "skipped": [],
          "duration": 3006,
          "root": false,
          "rootEmpty": false,
          "_timeout": 2000
        }
      ],
      "passes": [],
      "failures": [],
      "pending": [],
      "skipped": [],
      "duration": 0,
      "root": true,
      "rootEmpty": true,
      "_timeout": 2000
    }
  ],
  "meta": {
    "mocha": {
      "version": "7.0.1"
    },
    "mochawesome": {
      "options": {
        "quiet": false,
        "reportFilename": "mochawesome",
        "saveHtml": false,
        "saveJson": true,
        "consoleReporter": "spec",
        "useInlineDiffs": false,
        "code": true
      },
      "version": "7.1.3"
    },
    "marge": {
      "options": {
        "id": "default",
        "reportDir": "cypress/results/mochawesome",
        "overwrite": false,
        "html": false,
        "json": true
      },
      "version": "6.2.0"
    }
  }
}