{
  "stats": {
    "suites": 1,
    "tests": 1,
    "passes": 1,
    "pending": 0,
    "failures": 0,
    "start": "2023-06-09T02:23:35.650Z",
    "end": "2023-06-09T02:23:47.121Z",
    "duration": 11471,
    "testsRegistered": 1,
    "passPercent": 100,
    "pendingPercent": 0,
    "other": 0,
    "hasOther": false,
    "skipped": 0,
    "hasSkipped": false
  },
  "results": [
    {
      "uuid": "3e4d2c8d-a185-40a6-9fb5-bc0026244f3e",
      "title": "",
      "fullFile": "cypress\\e2e\\demo_Cypress\\TC_07.spec.js",
      "file": "cypress\\e2e\\demo_Cypress\\TC_07.spec.js",
      "beforeHooks": [],
      "afterHooks": [],
      "tests": [],
      "suites": [
        {
          "uuid": "06236876-6190-4e7d-81e9-26cd51aa8071",
          "title": "assignment final",
          "fullFile": "",
          "file": "",
          "beforeHooks": [],
          "afterHooks": [],
          "tests": [
            {
              "title": "Verify create Print Barcode/Label successfully",
              "fullTitle": "assignment final Verify create Print Barcode/Label successfully",
              "timedOut": null,
              "duration": 11265,
              "state": "passed",
              "speed": "slow",
              "pass": true,
              "fail": false,
              "pending": false,
              "context": null,
              "code": "onLoginPage.login();\nnavigateTo.printBarcodeLabelPage();\nonPrintBarcodePage.addBarcode('Kiwi');\nonPrintBarcodePage.verifyUpdateBarcode();",
              "err": {},
              "uuid": "645a11ab-d72f-4947-ad4f-11d33809aa1a",
              "parentUUID": "06236876-6190-4e7d-81e9-26cd51aa8071",
              "isHook": false,
              "skipped": false
            }
          ],
          "suites": [],
          "passes": [
            "645a11ab-d72f-4947-ad4f-11d33809aa1a"
          ],
          "failures": [],
          "pending": [],
          "skipped": [],
          "duration": 11265,
          "root": false,
          "rootEmpty": false,
          "_timeout": 2000
        }
      ],
      "passes": [],
      "failures": [],
      "pending": [],
      "skipped": [],
      "duration": 0,
      "root": true,
      "rootEmpty": true,
      "_timeout": 2000
    }
  ],
  "meta": {
    "mocha": {
      "version": "7.0.1"
    },
    "mochawesome": {
      "options": {
        "quiet": false,
        "reportFilename": "mochawesome",
        "saveHtml": false,
        "saveJson": true,
        "consoleReporter": "spec",
        "useInlineDiffs": false,
        "code": true
      },
      "version": "7.1.3"
    },
    "marge": {
      "options": {
        "id": "default",
        "reportDir": "cypress/results/mochawesome",
        "overwrite": false,
        "html": false,
        "json": true
      },
      "version": "6.2.0"
    }
  }
}