{
  "stats": {
    "suites": 1,
    "tests": 1,
    "passes": 1,
    "pending": 0,
    "failures": 0,
    "start": "2023-06-09T02:23:26.953Z",
    "end": "2023-06-09T02:23:33.626Z",
    "duration": 6673,
    "testsRegistered": 1,
    "passPercent": 100,
    "pendingPercent": 0,
    "other": 0,
    "hasOther": false,
    "skipped": 0,
    "hasSkipped": false
  },
  "results": [
    {
      "uuid": "322c0bed-d763-42c4-b1da-0f4f5213d35a",
      "title": "",
      "fullFile": "cypress\\e2e\\demo_Cypress\\TC_06.spec.js",
      "file": "cypress\\e2e\\demo_Cypress\\TC_06.spec.js",
      "beforeHooks": [],
      "afterHooks": [],
      "tests": [],
      "suites": [
        {
          "uuid": "6e7f3b47-d27b-4e47-a181-9c91dc15df49",
          "title": "assignment final",
          "fullFile": "",
          "file": "",
          "beforeHooks": [],
          "afterHooks": [],
          "tests": [
            {
              "title": "Verify Print Barcode/Label page",
              "fullTitle": "assignment final Verify Print Barcode/Label page",
              "timedOut": null,
              "duration": 6483,
              "state": "passed",
              "speed": "medium",
              "pass": true,
              "fail": false,
              "pending": false,
              "context": null,
              "code": "onLoginPage.login();\nnavigateTo.printBarcodeLabelPage();\nonPrintBarcodePage.verifyPrintBarcodePage();",
              "err": {},
              "uuid": "70795095-0d44-4b8e-8b70-67b5b7c9cae0",
              "parentUUID": "6e7f3b47-d27b-4e47-a181-9c91dc15df49",
              "isHook": false,
              "skipped": false
            }
          ],
          "suites": [],
          "passes": [
            "70795095-0d44-4b8e-8b70-67b5b7c9cae0"
          ],
          "failures": [],
          "pending": [],
          "skipped": [],
          "duration": 6483,
          "root": false,
          "rootEmpty": false,
          "_timeout": 2000
        }
      ],
      "passes": [],
      "failures": [],
      "pending": [],
      "skipped": [],
      "duration": 0,
      "root": true,
      "rootEmpty": true,
      "_timeout": 2000
    }
  ],
  "meta": {
    "mocha": {
      "version": "7.0.1"
    },
    "mochawesome": {
      "options": {
        "quiet": false,
        "reportFilename": "mochawesome",
        "saveHtml": false,
        "saveJson": true,
        "consoleReporter": "spec",
        "useInlineDiffs": false,
        "code": true
      },
      "version": "7.1.3"
    },
    "marge": {
      "options": {
        "id": "default",
        "reportDir": "cypress/results/mochawesome",
        "overwrite": false,
        "html": false,
        "json": true
      },
      "version": "6.2.0"
    }
  }
}