{
  "stats": {
    "suites": 1,
    "tests": 1,
    "passes": 0,
    "pending": 0,
    "failures": 1,
    "start": "2023-06-08T16:09:52.174Z",
    "end": "2023-06-08T16:10:04.843Z",
    "duration": 12669,
    "testsRegistered": 1,
    "passPercent": 0,
    "pendingPercent": 0,
    "other": 0,
    "hasOther": false,
    "skipped": 0,
    "hasSkipped": false
  },
  "results": [
    {
      "uuid": "b7b8c531-173d-48c4-b3b0-256a3e3c343c",
      "title": "",
      "fullFile": "cypress\\e2e\\demo_Cypress\\TC_05.spec.js",
      "file": "cypress\\e2e\\demo_Cypress\\TC_05.spec.js",
      "beforeHooks": [],
      "afterHooks": [],
      "tests": [],
      "suites": [
        {
          "uuid": "139a0bfe-c8be-4487-90d4-03b8ad130061",
          "title": "assignment final",
          "fullFile": "",
          "file": "",
          "beforeHooks": [],
          "afterHooks": [],
          "tests": [
            {
              "title": "Verify Edit product",
              "fullTitle": "assignment final Verify Edit product",
              "timedOut": null,
              "duration": 12603,
              "state": "failed",
              "speed": null,
              "pass": false,
              "fail": true,
              "pending": false,
              "context": null,
              "code": "onLoginPage.login();\nnavigateTo.listProductsPage();\nonProductsPage.EditProduct('Mouse');",
              "err": {
                "message": "AssertionError: Timed out retrying after 4000ms: Expected to find element: `input[class=\"input-xs\"]`, but never found it.",
                "estack": "AssertionError: Timed out retrying after 4000ms: Expected to find element: `input[class=\"input-xs\"]`, but never found it.\n    at Object.searchBtn (webpack:///./cypress/support/pageObjects/productsPage.js:28:28)\n    at ProductsPage.EditProduct (webpack:///./cypress/support/pageObjects/productsPage.js:77:22)\n    at Context.eval (webpack:///./cypress/e2e/demo_Cypress/TC_05.spec.js:13:23)",
                "diff": null
              },
              "uuid": "805c57e2-ca70-4e40-b1a2-d00d9266129c",
              "parentUUID": "139a0bfe-c8be-4487-90d4-03b8ad130061",
              "isHook": false,
              "skipped": false
            }
          ],
          "suites": [],
          "passes": [],
          "failures": [
            "805c57e2-ca70-4e40-b1a2-d00d9266129c"
          ],
          "pending": [],
          "skipped": [],
          "duration": 12603,
          "root": false,
          "rootEmpty": false,
          "_timeout": 2000
        }
      ],
      "passes": [],
      "failures": [],
      "pending": [],
      "skipped": [],
      "duration": 0,
      "root": true,
      "rootEmpty": true,
      "_timeout": 2000
    }
  ],
  "meta": {
    "mocha": {
      "version": "7.0.1"
    },
    "mochawesome": {
      "options": {
        "quiet": false,
        "reportFilename": "mochawesome",
        "saveHtml": false,
        "saveJson": true,
        "consoleReporter": "spec",
        "useInlineDiffs": false,
        "code": true
      },
      "version": "7.1.3"
    },
    "marge": {
      "options": {
        "id": "default",
        "reportDir": "cypress/results/mochawesome",
        "overwrite": false,
        "html": false,
        "json": true
      },
      "version": "6.2.0"
    }
  }
}