{
  "stats": {
    "suites": 1,
    "tests": 1,
    "passes": 1,
    "pending": 0,
    "failures": 0,
    "start": "2023-06-08T17:09:14.677Z",
    "end": "2023-06-08T17:09:25.405Z",
    "duration": 10728,
    "testsRegistered": 1,
    "passPercent": 100,
    "pendingPercent": 0,
    "other": 0,
    "hasOther": false,
    "skipped": 0,
    "hasSkipped": false
  },
  "results": [
    {
      "uuid": "83f60e75-c29e-429b-9593-b382edcff80a",
      "title": "",
      "fullFile": "cypress\\e2e\\demo_Cypress\\TC_05.spec.js",
      "file": "cypress\\e2e\\demo_Cypress\\TC_05.spec.js",
      "beforeHooks": [],
      "afterHooks": [],
      "tests": [],
      "suites": [
        {
          "uuid": "3750f874-33c6-4e19-8613-26ce898c807d",
          "title": "assignment final",
          "fullFile": "",
          "file": "",
          "beforeHooks": [],
          "afterHooks": [],
          "tests": [
            {
              "title": "Verify Edit product",
              "fullTitle": "assignment final Verify Edit product",
              "timedOut": null,
              "duration": 10701,
              "state": "passed",
              "speed": "slow",
              "pass": true,
              "fail": false,
              "pending": false,
              "context": null,
              "code": "onLoginPage.login();\nnavigateTo.listProductsPage();\nonProductsPage.EditProduct('Mouse');",
              "err": {},
              "uuid": "3d302417-1a63-43fe-9f2f-1c98fc3f97fb",
              "parentUUID": "3750f874-33c6-4e19-8613-26ce898c807d",
              "isHook": false,
              "skipped": false
            }
          ],
          "suites": [],
          "passes": [
            "3d302417-1a63-43fe-9f2f-1c98fc3f97fb"
          ],
          "failures": [],
          "pending": [],
          "skipped": [],
          "duration": 10701,
          "root": false,
          "rootEmpty": false,
          "_timeout": 2000
        }
      ],
      "passes": [],
      "failures": [],
      "pending": [],
      "skipped": [],
      "duration": 0,
      "root": true,
      "rootEmpty": true,
      "_timeout": 2000
    }
  ],
  "meta": {
    "mocha": {
      "version": "7.0.1"
    },
    "mochawesome": {
      "options": {
        "quiet": false,
        "reportFilename": "mochawesome",
        "saveHtml": false,
        "saveJson": true,
        "consoleReporter": "spec",
        "useInlineDiffs": false,
        "code": true
      },
      "version": "7.1.3"
    },
    "marge": {
      "options": {
        "id": "default",
        "reportDir": "cypress/results/mochawesome",
        "overwrite": false,
        "html": false,
        "json": true
      },
      "version": "6.2.0"
    }
  }
}