{
  "stats": {
    "suites": 1,
    "tests": 1,
    "passes": 1,
    "pending": 0,
    "failures": 0,
    "start": "2023-06-08T17:09:39.619Z",
    "end": "2023-06-08T17:09:50.133Z",
    "duration": 10514,
    "testsRegistered": 1,
    "passPercent": 100,
    "pendingPercent": 0,
    "other": 0,
    "hasOther": false,
    "skipped": 0,
    "hasSkipped": false
  },
  "results": [
    {
      "uuid": "ce99f6e4-0c84-4728-8dbe-9af1369a6fd6",
      "title": "",
      "fullFile": "cypress\\e2e\\demo_Cypress\\TC_07.spec.js",
      "file": "cypress\\e2e\\demo_Cypress\\TC_07.spec.js",
      "beforeHooks": [],
      "afterHooks": [],
      "tests": [],
      "suites": [
        {
          "uuid": "e62fed43-14d9-47c7-871b-cc4576026f3d",
          "title": "assignment final",
          "fullFile": "",
          "file": "",
          "beforeHooks": [],
          "afterHooks": [],
          "tests": [
            {
              "title": "Verify create Print Barcode/Label successfully",
              "fullTitle": "assignment final Verify create Print Barcode/Label successfully",
              "timedOut": null,
              "duration": 10455,
              "state": "passed",
              "speed": "slow",
              "pass": true,
              "fail": false,
              "pending": false,
              "context": null,
              "code": "onLoginPage.login();\nnavigateTo.printBarcodeLabelPage();\nonPrintBarcodePage.addBarcode('Kiwi');\nonPrintBarcodePage.verifyUpdateBarcode();",
              "err": {},
              "uuid": "31707f74-6c8a-4570-8aab-707b9bf86cb6",
              "parentUUID": "e62fed43-14d9-47c7-871b-cc4576026f3d",
              "isHook": false,
              "skipped": false
            }
          ],
          "suites": [],
          "passes": [
            "31707f74-6c8a-4570-8aab-707b9bf86cb6"
          ],
          "failures": [],
          "pending": [],
          "skipped": [],
          "duration": 10455,
          "root": false,
          "rootEmpty": false,
          "_timeout": 2000
        }
      ],
      "passes": [],
      "failures": [],
      "pending": [],
      "skipped": [],
      "duration": 0,
      "root": true,
      "rootEmpty": true,
      "_timeout": 2000
    }
  ],
  "meta": {
    "mocha": {
      "version": "7.0.1"
    },
    "mochawesome": {
      "options": {
        "quiet": false,
        "reportFilename": "mochawesome",
        "saveHtml": false,
        "saveJson": true,
        "consoleReporter": "spec",
        "useInlineDiffs": false,
        "code": true
      },
      "version": "7.1.3"
    },
    "marge": {
      "options": {
        "id": "default",
        "reportDir": "cypress/results/mochawesome",
        "overwrite": false,
        "html": false,
        "json": true
      },
      "version": "6.2.0"
    }
  }
}