{
  "stats": {
    "suites": 1,
    "tests": 1,
    "passes": 0,
    "pending": 0,
    "failures": 1,
    "start": "2023-06-08T16:10:57.153Z",
    "end": "2023-06-08T16:11:11.148Z",
    "duration": 13995,
    "testsRegistered": 1,
    "passPercent": 0,
    "pendingPercent": 0,
    "other": 0,
    "hasOther": false,
    "skipped": 0,
    "hasSkipped": false
  },
  "results": [
    {
      "uuid": "f6e70cff-d60f-421e-b383-1c550a06e463",
      "title": "",
      "fullFile": "cypress\\e2e\\demo_Cypress\\TC_09.spec.js",
      "file": "cypress\\e2e\\demo_Cypress\\TC_09.spec.js",
      "beforeHooks": [],
      "afterHooks": [],
      "tests": [],
      "suites": [
        {
          "uuid": "1a665030-bf2b-4c04-8e47-3c03b2b85422",
          "title": "assignment final",
          "fullFile": "",
          "file": "",
          "beforeHooks": [],
          "afterHooks": [],
          "tests": [
            {
              "title": "Verify Purchases List",
              "fullTitle": "assignment final Verify Purchases List",
              "timedOut": null,
              "duration": 13913,
              "state": "failed",
              "speed": null,
              "pass": false,
              "fail": true,
              "pending": false,
              "context": null,
              "code": "onLoginPage.login();\nnavigateTo.listPurchasesPage();\nonPurchasePage.verifyPurchasesList();",
              "err": {
                "message": "AssertionError: Timed out retrying after 4000ms: Too many elements found. Found '10', expected '9'.",
                "estack": "AssertionError: Timed out retrying after 4000ms: Too many elements found. Found '10', expected '9'.\n    at PurchasePage.verifyPurchasesList (webpack:///./cypress/support/pageObjects/purchasePage.js:32:38)\n    at Context.eval (webpack:///./cypress/e2e/demo_Cypress/TC_09.spec.js:13:23)",
                "diff": "- 10\n+ 9\n"
              },
              "uuid": "445ba5d0-26d6-45a6-98be-2c3305030182",
              "parentUUID": "1a665030-bf2b-4c04-8e47-3c03b2b85422",
              "isHook": false,
              "skipped": false
            }
          ],
          "suites": [],
          "passes": [],
          "failures": [
            "445ba5d0-26d6-45a6-98be-2c3305030182"
          ],
          "pending": [],
          "skipped": [],
          "duration": 13913,
          "root": false,
          "rootEmpty": false,
          "_timeout": 2000
        }
      ],
      "passes": [],
      "failures": [],
      "pending": [],
      "skipped": [],
      "duration": 0,
      "root": true,
      "rootEmpty": true,
      "_timeout": 2000
    }
  ],
  "meta": {
    "mocha": {
      "version": "7.0.1"
    },
    "mochawesome": {
      "options": {
        "quiet": false,
        "reportFilename": "mochawesome",
        "saveHtml": false,
        "saveJson": true,
        "consoleReporter": "spec",
        "useInlineDiffs": false,
        "code": true
      },
      "version": "7.1.3"
    },
    "marge": {
      "options": {
        "id": "default",
        "reportDir": "cypress/results/mochawesome",
        "overwrite": false,
        "html": false,
        "json": true
      },
      "version": "6.2.0"
    }
  }
}