{
  "stats": {
    "suites": 1,
    "tests": 1,
    "passes": 0,
    "pending": 0,
    "failures": 1,
    "start": "2023-06-08T16:11:13.390Z",
    "end": "2023-06-08T16:11:28.795Z",
    "duration": 15405,
    "testsRegistered": 1,
    "passPercent": 0,
    "pendingPercent": 0,
    "other": 0,
    "hasOther": false,
    "skipped": 0,
    "hasSkipped": false
  },
  "results": [
    {
      "uuid": "4d5f5827-ca32-43ea-bb63-d0a9eaae9a50",
      "title": "",
      "fullFile": "cypress\\e2e\\demo_Cypress\\TC_10.spec.js",
      "file": "cypress\\e2e\\demo_Cypress\\TC_10.spec.js",
      "beforeHooks": [],
      "afterHooks": [],
      "tests": [],
      "suites": [
        {
          "uuid": "23fd9053-c7f9-45ec-af7a-d04b3a89c0b8",
          "title": "assignment final",
          "fullFile": "",
          "file": "",
          "beforeHooks": [],
          "afterHooks": [],
          "tests": [
            {
              "title": "Verify add Purchases successfully",
              "fullTitle": "assignment final Verify add Purchases successfully",
              "timedOut": null,
              "duration": 15326,
              "state": "failed",
              "speed": null,
              "pass": false,
              "fail": true,
              "pending": false,
              "context": null,
              "code": "onLoginPage.login();\nnavigateTo.addPurchasePage();\nonPurchasePage.addPurchase();",
              "err": {
                "message": "AssertionError: Timed out retrying after 4000ms: Expected to find element: `div[class=\"alert alert-success\"]`, but never found it.",
                "estack": "AssertionError: Timed out retrying after 4000ms: Expected to find element: `div[class=\"alert alert-success\"]`, but never found it.\n    at PurchasePage.addPurchase (webpack:///./cypress/support/pageObjects/purchasePage.js:45:32)\n    at Context.eval (webpack:///./cypress/e2e/demo_Cypress/TC_10.spec.js:13:23)",
                "diff": null
              },
              "uuid": "b5c677ac-545c-46cb-b009-ac54969085a9",
              "parentUUID": "23fd9053-c7f9-45ec-af7a-d04b3a89c0b8",
              "isHook": false,
              "skipped": false
            }
          ],
          "suites": [],
          "passes": [],
          "failures": [
            "b5c677ac-545c-46cb-b009-ac54969085a9"
          ],
          "pending": [],
          "skipped": [],
          "duration": 15326,
          "root": false,
          "rootEmpty": false,
          "_timeout": 2000
        }
      ],
      "passes": [],
      "failures": [],
      "pending": [],
      "skipped": [],
      "duration": 0,
      "root": true,
      "rootEmpty": true,
      "_timeout": 2000
    }
  ],
  "meta": {
    "mocha": {
      "version": "7.0.1"
    },
    "mochawesome": {
      "options": {
        "quiet": false,
        "reportFilename": "mochawesome",
        "saveHtml": false,
        "saveJson": true,
        "consoleReporter": "spec",
        "useInlineDiffs": false,
        "code": true
      },
      "version": "7.1.3"
    },
    "marge": {
      "options": {
        "id": "default",
        "reportDir": "cypress/results/mochawesome",
        "overwrite": false,
        "html": false,
        "json": true
      },
      "version": "6.2.0"
    }
  }
}