{
  "stats": {
    "suites": 1,
    "tests": 1,
    "passes": 1,
    "pending": 0,
    "failures": 0,
    "start": "2023-06-08T17:10:06.499Z",
    "end": "2023-06-08T17:10:14.917Z",
    "duration": 8418,
    "testsRegistered": 1,
    "passPercent": 100,
    "pendingPercent": 0,
    "other": 0,
    "hasOther": false,
    "skipped": 0,
    "hasSkipped": false
  },
  "results": [
    {
      "uuid": "2540a1ac-2bee-4a21-8867-4ee223aa2d2e",
      "title": "",
      "fullFile": "cypress\\e2e\\demo_Cypress\\TC_09.spec.js",
      "file": "cypress\\e2e\\demo_Cypress\\TC_09.spec.js",
      "beforeHooks": [],
      "afterHooks": [],
      "tests": [],
      "suites": [
        {
          "uuid": "d49f5020-c723-480b-bb7c-dcc15ba444e6",
          "title": "assignment final",
          "fullFile": "",
          "file": "",
          "beforeHooks": [],
          "afterHooks": [],
          "tests": [
            {
              "title": "Verify Purchases List",
              "fullTitle": "assignment final Verify Purchases List",
              "timedOut": null,
              "duration": 8334,
              "state": "passed",
              "speed": "medium",
              "pass": true,
              "fail": false,
              "pending": false,
              "context": null,
              "code": "onLoginPage.login();\nnavigateTo.listPurchasesPage();\nonPurchasePage.verifyPurchasesList();",
              "err": {},
              "uuid": "aa2ba992-6253-40ce-8e1e-f3d7ae44858d",
              "parentUUID": "d49f5020-c723-480b-bb7c-dcc15ba444e6",
              "isHook": false,
              "skipped": false
            }
          ],
          "suites": [],
          "passes": [
            "aa2ba992-6253-40ce-8e1e-f3d7ae44858d"
          ],
          "failures": [],
          "pending": [],
          "skipped": [],
          "duration": 8334,
          "root": false,
          "rootEmpty": false,
          "_timeout": 2000
        }
      ],
      "passes": [],
      "failures": [],
      "pending": [],
      "skipped": [],
      "duration": 0,
      "root": true,
      "rootEmpty": true,
      "_timeout": 2000
    }
  ],
  "meta": {
    "mocha": {
      "version": "7.0.1"
    },
    "mochawesome": {
      "options": {
        "quiet": false,
        "reportFilename": "mochawesome",
        "saveHtml": false,
        "saveJson": true,
        "consoleReporter": "spec",
        "useInlineDiffs": false,
        "code": true
      },
      "version": "7.1.3"
    },
    "marge": {
      "options": {
        "id": "default",
        "reportDir": "cypress/results/mochawesome",
        "overwrite": false,
        "html": false,
        "json": true
      },
      "version": "6.2.0"
    }
  }
}