{
  "stats": {
    "suites": 1,
    "tests": 1,
    "passes": 1,
    "pending": 0,
    "failures": 0,
    "start": "2023-06-08T16:09:41.768Z",
    "end": "2023-06-08T16:09:50.832Z",
    "duration": 9064,
    "testsRegistered": 1,
    "passPercent": 100,
    "pendingPercent": 0,
    "other": 0,
    "hasOther": false,
    "skipped": 0,
    "hasSkipped": false
  },
  "results": [
    {
      "uuid": "33ae10d1-95ba-4430-86f8-39f8d8ac9909",
      "title": "",
      "fullFile": "cypress\\e2e\\demo_Cypress\\TC_04.spec.js",
      "file": "cypress\\e2e\\demo_Cypress\\TC_04.spec.js",
      "beforeHooks": [],
      "afterHooks": [],
      "tests": [],
      "suites": [
        {
          "uuid": "4dfc938c-c096-4818-a5ce-7cd479076197",
          "title": "assignment final",
          "fullFile": "",
          "file": "",
          "beforeHooks": [],
          "afterHooks": [],
          "tests": [
            {
              "title": "Verify view product detail",
              "fullTitle": "assignment final Verify view product detail",
              "timedOut": null,
              "duration": 8932,
              "state": "passed",
              "speed": "medium",
              "pass": true,
              "fail": false,
              "pending": false,
              "context": null,
              "code": "onLoginPage.login();\nnavigateTo.listProductsPage();\nnavigateTo.detailProductPage('Lemon');\nonProductsPage.verifyViewProductDetail();",
              "err": {},
              "uuid": "0e2facf4-dfeb-4417-937b-7e4f10610404",
              "parentUUID": "4dfc938c-c096-4818-a5ce-7cd479076197",
              "isHook": false,
              "skipped": false
            }
          ],
          "suites": [],
          "passes": [
            "0e2facf4-dfeb-4417-937b-7e4f10610404"
          ],
          "failures": [],
          "pending": [],
          "skipped": [],
          "duration": 8932,
          "root": false,
          "rootEmpty": false,
          "_timeout": 2000
        }
      ],
      "passes": [],
      "failures": [],
      "pending": [],
      "skipped": [],
      "duration": 0,
      "root": true,
      "rootEmpty": true,
      "_timeout": 2000
    }
  ],
  "meta": {
    "mocha": {
      "version": "7.0.1"
    },
    "mochawesome": {
      "options": {
        "quiet": false,
        "reportFilename": "mochawesome",
        "saveHtml": false,
        "saveJson": true,
        "consoleReporter": "spec",
        "useInlineDiffs": false,
        "code": true
      },
      "version": "7.1.3"
    },
    "marge": {
      "options": {
        "id": "default",
        "reportDir": "cypress/results/mochawesome",
        "overwrite": false,
        "html": false,
        "json": true
      },
      "version": "6.2.0"
    }
  }
}