{
  "stats": {
    "suites": 1,
    "tests": 1,
    "passes": 1,
    "pending": 0,
    "failures": 0,
    "start": "2023-06-09T02:23:49.254Z",
    "end": "2023-06-09T02:24:01.283Z",
    "duration": 12029,
    "testsRegistered": 1,
    "passPercent": 100,
    "pendingPercent": 0,
    "other": 0,
    "hasOther": false,
    "skipped": 0,
    "hasSkipped": false
  },
  "results": [
    {
      "uuid": "ce05ad9a-8c20-4a92-9ff8-24c458f54a93",
      "title": "",
      "fullFile": "cypress\\e2e\\demo_Cypress\\TC_08.spec.js",
      "file": "cypress\\e2e\\demo_Cypress\\TC_08.spec.js",
      "beforeHooks": [],
      "afterHooks": [],
      "tests": [],
      "suites": [
        {
          "uuid": "53ce6f72-f396-4dff-bdb8-4e9272af63f0",
          "title": "assignment final",
          "fullFile": "",
          "file": "",
          "beforeHooks": [],
          "afterHooks": [],
          "tests": [
            {
              "title": "Verify add Sale successfully",
              "fullTitle": "assignment final Verify add Sale successfully",
              "timedOut": null,
              "duration": 11851,
              "state": "passed",
              "speed": "slow",
              "pass": true,
              "fail": false,
              "pending": false,
              "context": null,
              "code": "onLoginPage.login();\nnavigateTo.addSalePage();\nonSalePage.addSale();",
              "err": {},
              "uuid": "cc39dfde-fef7-444a-b180-b18632e4876b",
              "parentUUID": "53ce6f72-f396-4dff-bdb8-4e9272af63f0",
              "isHook": false,
              "skipped": false
            }
          ],
          "suites": [],
          "passes": [
            "cc39dfde-fef7-444a-b180-b18632e4876b"
          ],
          "failures": [],
          "pending": [],
          "skipped": [],
          "duration": 11851,
          "root": false,
          "rootEmpty": false,
          "_timeout": 2000
        }
      ],
      "passes": [],
      "failures": [],
      "pending": [],
      "skipped": [],
      "duration": 0,
      "root": true,
      "rootEmpty": true,
      "_timeout": 2000
    }
  ],
  "meta": {
    "mocha": {
      "version": "7.0.1"
    },
    "mochawesome": {
      "options": {
        "quiet": false,
        "reportFilename": "mochawesome",
        "saveHtml": false,
        "saveJson": true,
        "consoleReporter": "spec",
        "useInlineDiffs": false,
        "code": true
      },
      "version": "7.1.3"
    },
    "marge": {
      "options": {
        "id": "default",
        "reportDir": "cypress/results/mochawesome",
        "overwrite": false,
        "html": false,
        "json": true
      },
      "version": "6.2.0"
    }
  }
}