{
  "stats": {
    "suites": 1,
    "tests": 1,
    "passes": 1,
    "pending": 0,
    "failures": 0,
    "start": "2023-06-09T02:22:52.051Z",
    "end": "2023-06-09T02:22:59.537Z",
    "duration": 7486,
    "testsRegistered": 1,
    "passPercent": 100,
    "pendingPercent": 0,
    "other": 0,
    "hasOther": false,
    "skipped": 0,
    "hasSkipped": false
  },
  "results": [
    {
      "uuid": "7aed84b9-3191-4207-826a-9b461ece0388",
      "title": "",
      "fullFile": "cypress\\e2e\\demo_Cypress\\TC_03.spec.js",
      "file": "cypress\\e2e\\demo_Cypress\\TC_03.spec.js",
      "beforeHooks": [],
      "afterHooks": [],
      "tests": [],
      "suites": [
        {
          "uuid": "581d6843-1ba9-4aa5-80b2-dbb5fcc3ef5d",
          "title": "assignment final",
          "fullFile": "",
          "file": "",
          "beforeHooks": [],
          "afterHooks": [],
          "tests": [
            {
              "title": "Verify List Products",
              "fullTitle": "assignment final Verify List Products",
              "timedOut": null,
              "duration": 7392,
              "state": "passed",
              "speed": "medium",
              "pass": true,
              "fail": false,
              "pending": false,
              "context": null,
              "code": "onLoginPage.login();\nnavigateTo.listProductsPage();\nonProductsPage.verifyProductTable();",
              "err": {},
              "uuid": "0039bb74-2fea-40b9-96ea-21fbb063a7e4",
              "parentUUID": "581d6843-1ba9-4aa5-80b2-dbb5fcc3ef5d",
              "isHook": false,
              "skipped": false
            }
          ],
          "suites": [],
          "passes": [
            "0039bb74-2fea-40b9-96ea-21fbb063a7e4"
          ],
          "failures": [],
          "pending": [],
          "skipped": [],
          "duration": 7392,
          "root": false,
          "rootEmpty": false,
          "_timeout": 2000
        }
      ],
      "passes": [],
      "failures": [],
      "pending": [],
      "skipped": [],
      "duration": 0,
      "root": true,
      "rootEmpty": true,
      "_timeout": 2000
    }
  ],
  "meta": {
    "mocha": {
      "version": "7.0.1"
    },
    "mochawesome": {
      "options": {
        "quiet": false,
        "reportFilename": "mochawesome",
        "saveHtml": false,
        "saveJson": true,
        "consoleReporter": "spec",
        "useInlineDiffs": false,
        "code": true
      },
      "version": "7.1.3"
    },
    "marge": {
      "options": {
        "id": "default",
        "reportDir": "cypress/results/mochawesome",
        "overwrite": false,
        "html": false,
        "json": true
      },
      "version": "6.2.0"
    }
  }
}