{
  "stats": {
    "suites": 1,
    "tests": 1,
    "passes": 1,
    "pending": 0,
    "failures": 0,
    "start": "2023-06-08T17:09:26.762Z",
    "end": "2023-06-08T17:09:38.266Z",
    "duration": 11504,
    "testsRegistered": 1,
    "passPercent": 100,
    "pendingPercent": 0,
    "other": 0,
    "hasOther": false,
    "skipped": 0,
    "hasSkipped": false
  },
  "results": [
    {
      "uuid": "f60f0587-4469-49d1-8a58-f52fea54e389",
      "title": "",
      "fullFile": "cypress\\e2e\\demo_Cypress\\TC_06.spec.js",
      "file": "cypress\\e2e\\demo_Cypress\\TC_06.spec.js",
      "beforeHooks": [],
      "afterHooks": [],
      "tests": [],
      "suites": [
        {
          "uuid": "79931dc6-1e64-4416-94a7-87f8affdced5",
          "title": "assignment final",
          "fullFile": "",
          "file": "",
          "beforeHooks": [],
          "afterHooks": [],
          "tests": [
            {
              "title": "Verify Print Barcode/Label page",
              "fullTitle": "assignment final Verify Print Barcode/Label page",
              "timedOut": null,
              "duration": 11401,
              "state": "passed",
              "speed": "slow",
              "pass": true,
              "fail": false,
              "pending": false,
              "context": null,
              "code": "onLoginPage.login();\nnavigateTo.printBarcodeLabelPage();\nonPrintBarcodePage.verifyPrintBarcodePage();",
              "err": {},
              "uuid": "18bfed01-aa46-4828-a2cb-b561c17f1ffd",
              "parentUUID": "79931dc6-1e64-4416-94a7-87f8affdced5",
              "isHook": false,
              "skipped": false
            }
          ],
          "suites": [],
          "passes": [
            "18bfed01-aa46-4828-a2cb-b561c17f1ffd"
          ],
          "failures": [],
          "pending": [],
          "skipped": [],
          "duration": 11401,
          "root": false,
          "rootEmpty": false,
          "_timeout": 2000
        }
      ],
      "passes": [],
      "failures": [],
      "pending": [],
      "skipped": [],
      "duration": 0,
      "root": true,
      "rootEmpty": true,
      "_timeout": 2000
    }
  ],
  "meta": {
    "mocha": {
      "version": "7.0.1"
    },
    "mochawesome": {
      "options": {
        "quiet": false,
        "reportFilename": "mochawesome",
        "saveHtml": false,
        "saveJson": true,
        "consoleReporter": "spec",
        "useInlineDiffs": false,
        "code": true
      },
      "version": "7.1.3"
    },
    "marge": {
      "options": {
        "id": "default",
        "reportDir": "cypress/results/mochawesome",
        "overwrite": false,
        "html": false,
        "json": true
      },
      "version": "6.2.0"
    }
  }
}