{
  "stats": {
    "suites": 1,
    "tests": 1,
    "passes": 1,
    "pending": 0,
    "failures": 0,
    "start": "2023-06-08T17:08:50.799Z",
    "end": "2023-06-08T17:08:55.778Z",
    "duration": 4979,
    "testsRegistered": 1,
    "passPercent": 100,
    "pendingPercent": 0,
    "other": 0,
    "hasOther": false,
    "skipped": 0,
    "hasSkipped": false
  },
  "results": [
    {
      "uuid": "fa2c4138-63d6-475e-a35d-868c83c78d49",
      "title": "",
      "fullFile": "cypress\\e2e\\demo_Cypress\\TC_02.spec.js",
      "file": "cypress\\e2e\\demo_Cypress\\TC_02.spec.js",
      "beforeHooks": [],
      "afterHooks": [],
      "tests": [],
      "suites": [
        {
          "uuid": "18f78de4-db6f-4676-9f22-444e6df3a612",
          "title": "assignment final",
          "fullFile": "",
          "file": "",
          "beforeHooks": [],
          "afterHooks": [],
          "tests": [
            {
              "title": "Verify successfully logged in",
              "fullTitle": "assignment final Verify successfully logged in",
              "timedOut": null,
              "duration": 4911,
              "state": "passed",
              "speed": "fast",
              "pass": true,
              "fail": false,
              "pending": false,
              "context": null,
              "code": "onLoginPage.login();\nonLoginPage.VerifySuccessfullyLoggedIn();",
              "err": {},
              "uuid": "b651b00d-02b5-430d-b450-072180f6497e",
              "parentUUID": "18f78de4-db6f-4676-9f22-444e6df3a612",
              "isHook": false,
              "skipped": false
            }
          ],
          "suites": [],
          "passes": [
            "b651b00d-02b5-430d-b450-072180f6497e"
          ],
          "failures": [],
          "pending": [],
          "skipped": [],
          "duration": 4911,
          "root": false,
          "rootEmpty": false,
          "_timeout": 2000
        }
      ],
      "passes": [],
      "failures": [],
      "pending": [],
      "skipped": [],
      "duration": 0,
      "root": true,
      "rootEmpty": true,
      "_timeout": 2000
    }
  ],
  "meta": {
    "mocha": {
      "version": "7.0.1"
    },
    "mochawesome": {
      "options": {
        "quiet": false,
        "reportFilename": "mochawesome",
        "saveHtml": false,
        "saveJson": true,
        "consoleReporter": "spec",
        "useInlineDiffs": false,
        "code": true
      },
      "version": "7.1.3"
    },
    "marge": {
      "options": {
        "id": "default",
        "reportDir": "cypress/results/mochawesome",
        "overwrite": false,
        "html": false,
        "json": true
      },
      "version": "6.2.0"
    }
  }
}