{
  "stats": {
    "suites": 1,
    "tests": 1,
    "passes": 1,
    "pending": 0,
    "failures": 0,
    "start": "2023-06-08T17:08:57.285Z",
    "end": "2023-06-08T17:09:03.582Z",
    "duration": 6297,
    "testsRegistered": 1,
    "passPercent": 100,
    "pendingPercent": 0,
    "other": 0,
    "hasOther": false,
    "skipped": 0,
    "hasSkipped": false
  },
  "results": [
    {
      "uuid": "fd2259d1-401b-4b9f-bf1f-80b0472801e5",
      "title": "",
      "fullFile": "cypress\\e2e\\demo_Cypress\\TC_03.spec.js",
      "file": "cypress\\e2e\\demo_Cypress\\TC_03.spec.js",
      "beforeHooks": [],
      "afterHooks": [],
      "tests": [],
      "suites": [
        {
          "uuid": "0f516610-e34b-46bc-8468-7b5fdb4c86c9",
          "title": "assignment final",
          "fullFile": "",
          "file": "",
          "beforeHooks": [],
          "afterHooks": [],
          "tests": [
            {
              "title": "Verify List Products",
              "fullTitle": "assignment final Verify List Products",
              "timedOut": null,
              "duration": 6182,
              "state": "passed",
              "speed": "medium",
              "pass": true,
              "fail": false,
              "pending": false,
              "context": null,
              "code": "onLoginPage.login();\nnavigateTo.listProductsPage();\nonProductsPage.verifyProductTable();",
              "err": {},
              "uuid": "5d16468d-586a-4961-aa06-b577c44a9405",
              "parentUUID": "0f516610-e34b-46bc-8468-7b5fdb4c86c9",
              "isHook": false,
              "skipped": false
            }
          ],
          "suites": [],
          "passes": [
            "5d16468d-586a-4961-aa06-b577c44a9405"
          ],
          "failures": [],
          "pending": [],
          "skipped": [],
          "duration": 6182,
          "root": false,
          "rootEmpty": false,
          "_timeout": 2000
        }
      ],
      "passes": [],
      "failures": [],
      "pending": [],
      "skipped": [],
      "duration": 0,
      "root": true,
      "rootEmpty": true,
      "_timeout": 2000
    }
  ],
  "meta": {
    "mocha": {
      "version": "7.0.1"
    },
    "mochawesome": {
      "options": {
        "quiet": false,
        "reportFilename": "mochawesome",
        "saveHtml": false,
        "saveJson": true,
        "consoleReporter": "spec",
        "useInlineDiffs": false,
        "code": true
      },
      "version": "7.1.3"
    },
    "marge": {
      "options": {
        "id": "default",
        "reportDir": "cypress/results/mochawesome",
        "overwrite": false,
        "html": false,
        "json": true
      },
      "version": "6.2.0"
    }
  }
}