{
  "stats": {
    "suites": 1,
    "tests": 1,
    "passes": 1,
    "pending": 0,
    "failures": 0,
    "start": "2023-06-08T17:09:05.023Z",
    "end": "2023-06-08T17:09:13.311Z",
    "duration": 8288,
    "testsRegistered": 1,
    "passPercent": 100,
    "pendingPercent": 0,
    "other": 0,
    "hasOther": false,
    "skipped": 0,
    "hasSkipped": false
  },
  "results": [
    {
      "uuid": "eebaca23-6c7b-4bbf-bff1-2376aa038f20",
      "title": "",
      "fullFile": "cypress\\e2e\\demo_Cypress\\TC_04.spec.js",
      "file": "cypress\\e2e\\demo_Cypress\\TC_04.spec.js",
      "beforeHooks": [],
      "afterHooks": [],
      "tests": [],
      "suites": [
        {
          "uuid": "e81f3e99-f0ad-4121-aac8-f4225924e6ee",
          "title": "assignment final",
          "fullFile": "",
          "file": "",
          "beforeHooks": [],
          "afterHooks": [],
          "tests": [
            {
              "title": "Verify view product detail",
              "fullTitle": "assignment final Verify view product detail",
              "timedOut": null,
              "duration": 8153,
              "state": "passed",
              "speed": "medium",
              "pass": true,
              "fail": false,
              "pending": false,
              "context": null,
              "code": "onLoginPage.login();\nnavigateTo.listProductsPage();\nnavigateTo.detailProductPage('Lemon');\nonProductsPage.verifyViewProductDetail();",
              "err": {},
              "uuid": "dd74a828-cdfb-4d62-a368-c22664f63e30",
              "parentUUID": "e81f3e99-f0ad-4121-aac8-f4225924e6ee",
              "isHook": false,
              "skipped": false
            }
          ],
          "suites": [],
          "passes": [
            "dd74a828-cdfb-4d62-a368-c22664f63e30"
          ],
          "failures": [],
          "pending": [],
          "skipped": [],
          "duration": 8153,
          "root": false,
          "rootEmpty": false,
          "_timeout": 2000
        }
      ],
      "passes": [],
      "failures": [],
      "pending": [],
      "skipped": [],
      "duration": 0,
      "root": true,
      "rootEmpty": true,
      "_timeout": 2000
    }
  ],
  "meta": {
    "mocha": {
      "version": "7.0.1"
    },
    "mochawesome": {
      "options": {
        "quiet": false,
        "reportFilename": "mochawesome",
        "saveHtml": false,
        "saveJson": true,
        "consoleReporter": "spec",
        "useInlineDiffs": false,
        "code": true
      },
      "version": "7.1.3"
    },
    "marge": {
      "options": {
        "id": "default",
        "reportDir": "cypress/results/mochawesome",
        "overwrite": false,
        "html": false,
        "json": true
      },
      "version": "6.2.0"
    }
  }
}