<?xml version="1.0" encoding="UTF-8"?>
<testsuites name="Mocha Tests" time="8.418" tests="1" failures="0">
  <testsuite name="Root Suite" timestamp="2023-06-08T17:10:06" tests="0" file="cypress\e2e\demo_Cypress\TC_09.spec.js" time="0.000" failures="0">
  </testsuite>
  <testsuite name="assignment final" timestamp="2023-06-08T17:10:06" tests="1" time="8.401" failures="0">
    <testcase name="assignment final Verify Purchases List" time="8.334" classname="Verify Purchases List">
    </testcase>
  </testsuite>
</testsuites>