<?xml version="1.0" encoding="UTF-8"?>
<testsuites name="Mocha Tests" time="6.297" tests="1" failures="0">
  <testsuite name="Root Suite" timestamp="2023-06-08T17:08:57" tests="0" file="cypress\e2e\demo_Cypress\TC_03.spec.js" time="0.000" failures="0">
  </testsuite>
  <testsuite name="assignment final" timestamp="2023-06-08T17:08:57" tests="1" time="6.280" failures="0">
    <testcase name="assignment final Verify List Products" time="6.182" classname="Verify List Products">
    </testcase>
  </testsuite>
</testsuites>