<?xml version="1.0" encoding="UTF-8"?>
<testsuites name="Mocha Tests" time="4.644" tests="1" failures="0">
  <testsuite name="Root Suite" timestamp="2023-06-09T02:22:45" tests="0" file="cypress\e2e\demo_Cypress\TC_02.spec.js" time="0.000" failures="0">
  </testsuite>
  <testsuite name="assignment final" timestamp="2023-06-09T02:22:45" tests="1" time="4.600" failures="0">
    <testcase name="assignment final Verify successfully logged in" time="4.552" classname="Verify successfully logged in">
    </testcase>
  </testsuite>
</testsuites>