<?xml version="1.0" encoding="UTF-8"?>
<testsuites name="Mocha Tests" time="7.121" tests="1" failures="0">
  <testsuite name="Root Suite" timestamp="2023-06-09T02:24:04" tests="0" file="cypress\e2e\demo_Cypress\TC_09.spec.js" time="0.000" failures="0">
  </testsuite>
  <testsuite name="assignment final" timestamp="2023-06-09T02:24:04" tests="1" time="7.090" failures="0">
    <testcase name="assignment final Verify Purchases List" time="6.949" classname="Verify Purchases List">
    </testcase>
  </testsuite>
</testsuites>