<?xml version="1.0" encoding="UTF-8"?>
<testsuites name="Mocha Tests" time="11.504" tests="1" failures="0">
  <testsuite name="Root Suite" timestamp="2023-06-08T17:09:26" tests="0" file="cypress\e2e\demo_Cypress\TC_06.spec.js" time="0.000" failures="0">
  </testsuite>
  <testsuite name="assignment final" timestamp="2023-06-08T17:09:26" tests="1" time="11.490" failures="0">
    <testcase name="assignment final Verify Print Barcode/Label page" time="11.401" classname="Verify Print Barcode/Label page">
    </testcase>
  </testsuite>
</testsuites>