<?xml version="1.0" encoding="UTF-8"?>
<testsuites name="Mocha Tests" time="12.669" tests="1" failures="1">
  <testsuite name="Root Suite" timestamp="2023-06-08T16:09:52" tests="0" file="cypress\e2e\demo_Cypress\TC_05.spec.js" time="0.000" failures="0">
  </testsuite>
  <testsuite name="assignment final" timestamp="2023-06-08T16:09:52" tests="1" time="12.655" failures="1">
    <testcase name="assignment final Verify Edit product" time="0.000" classname="Verify Edit product">
      <failure message="Timed out retrying after 4000ms: Expected to find element: `input[class=&quot;input-xs&quot;]`, but never found it." type="AssertionError"><![CDATA[AssertionError: Timed out retrying after 4000ms: Expected to find element: `input[class="input-xs"]`, but never found it.
    at Object.searchBtn (webpack:///./cypress/support/pageObjects/productsPage.js:28:28)
    at ProductsPage.EditProduct (webpack:///./cypress/support/pageObjects/productsPage.js:77:22)
    at Context.eval (webpack:///./cypress/e2e/demo_Cypress/TC_05.spec.js:13:23)]]></failure>
    </testcase>
  </testsuite>
</testsuites>