<?xml version="1.0" encoding="UTF-8"?>
<testsuites name="Mocha Tests" time="8.978" tests="1" failures="0">
  <testsuite name="Root Suite" timestamp="2023-06-09T02:23:01" tests="0" file="cypress\e2e\demo_Cypress\TC_04.spec.js" time="0.000" failures="0">
  </testsuite>
  <testsuite name="assignment final" timestamp="2023-06-09T02:23:01" tests="1" time="8.961" failures="0">
    <testcase name="assignment final Verify view product detail" time="8.803" classname="Verify view product detail">
    </testcase>
  </testsuite>
</testsuites>