<?xml version="1.0" encoding="UTF-8"?>
<testsuites name="Mocha Tests" time="13.995" tests="1" failures="1">
  <testsuite name="Root Suite" timestamp="2023-06-08T16:10:57" tests="0" file="cypress\e2e\demo_Cypress\TC_09.spec.js" time="0.000" failures="0">
  </testsuite>
  <testsuite name="assignment final" timestamp="2023-06-08T16:10:57" tests="1" time="13.963" failures="1">
    <testcase name="assignment final Verify Purchases List" time="0.000" classname="Verify Purchases List">
      <failure message="Timed out retrying after 4000ms: Too many elements found. Found &apos;10&apos;, expected &apos;9&apos;." type="AssertionError"><![CDATA[AssertionError: Timed out retrying after 4000ms: Too many elements found. Found '10', expected '9'.
    at PurchasePage.verifyPurchasesList (webpack:///./cypress/support/pageObjects/purchasePage.js:32:38)
    at Context.eval (webpack:///./cypress/e2e/demo_Cypress/TC_09.spec.js:13:23)

      + expected - actual

      -10
      +9
      ]]></failure>
    </testcase>
  </testsuite>
</testsuites>