<?xml version="1.0" encoding="UTF-8"?>
<testsuites name="Mocha Tests" time="7.486" tests="1" failures="0">
  <testsuite name="Root Suite" timestamp="2023-06-09T02:22:52" tests="0" file="cypress\e2e\demo_Cypress\TC_03.spec.js" time="0.000" failures="0">
  </testsuite>
  <testsuite name="assignment final" timestamp="2023-06-09T02:22:52" tests="1" time="7.467" failures="0">
    <testcase name="assignment final Verify List Products" time="7.392" classname="Verify List Products">
    </testcase>
  </testsuite>
</testsuites>