<?xml version="1.0" encoding="UTF-8"?>
<testsuites name="Mocha Tests" time="8.288" tests="1" failures="0">
  <testsuite name="Root Suite" timestamp="2023-06-08T17:09:05" tests="0" file="cypress\e2e\demo_Cypress\TC_04.spec.js" time="0.000" failures="0">
  </testsuite>
  <testsuite name="assignment final" timestamp="2023-06-08T17:09:05" tests="1" time="8.273" failures="0">
    <testcase name="assignment final Verify view product detail" time="8.153" classname="Verify view product detail">
    </testcase>
  </testsuite>
</testsuites>